src/domain/bridges/scriptsBridge.ts(1,51): error TS2724: '"@duckengine/core-v2"' has no exported member named 'ScriptComponent'. Did you mean 'createComponent'?
src/domain/bridges/scriptsBridge.ts(26,54): error TS7006: Parameter 's' implicitly has an 'any' type.
src/domain/bridges/scriptsBridge.ts(43,50): error TS7006: Parameter 's' implicitly has an 'any' type.
src/domain/bridges/scriptsBridge.ts(53,42): error TS7006: Parameter 's' implicitly has an 'any' type.
src/infrastructure/builtinScripts.test.ts(1,41): error TS6133: 'EntityId' is declared but its value is never read.
src/infrastructure/builtinScripts.test.ts(6,22): error TS6133: 'engine' is declared but its value is never read.
src/infrastructure/builtinScripts.test.ts(9,34): error TS2345: Argument of type 'string' is not assignable to parameter of type 'EntityId'.
  Type 'string' is not assignable to type '{ readonly __brand: "EntityId"; }'.
src/infrastructure/builtinScripts.test.ts(11,34): error TS2345: Argument of type 'string' is not assignable to parameter of type 'EntityId'.
  Type 'string' is not assignable to type '{ readonly __brand: "EntityId"; }'.
src/infrastructure/builtinScripts.test.ts(21,36): error TS2345: Argument of type 'string' is not assignable to parameter of type 'EntityId'.
  Type 'string' is not assignable to type '{ readonly __brand: "EntityId"; }'.
src/infrastructure/wasmoon/wasmoonSandbox.test.ts(91,21): error TS2554: Expected 5 arguments, but got 4.
src/infrastructure/wasmoon/wasmoonSandbox.test.ts(97,21): error TS2554: Expected 5 arguments, but got 4.
src/infrastructure/wasmoon/wasmoonSandbox.test.ts(104,21): error TS2554: Expected 5 arguments, but got 4.
src/infrastructure/wasmoon/wasmoonSandbox.test.ts(111,21): error TS2554: Expected 5 arguments, but got 4.
src/infrastructure/wasmoon/wasmoonSandbox.test.ts(117,21): error TS2554: Expected 5 arguments, but got 4.
src/infrastructure/wasmoon/wasmoonSandbox.test.ts(129,21): error TS2554: Expected 5 arguments, but got 4.
src/infrastructure/wasmoon/wasmoonSandbox.test.ts(142,21): error TS2554: Expected 5 arguments, but got 4.
src/infrastructure/wasmoon/wasmoonSandbox.test.ts(148,21): error TS2554: Expected 5 arguments, but got 4.
src/infrastructure/wasmoon/wasmoonSandbox.test.ts(156,21): error TS2554: Expected 5 arguments, but got 4.
src/infrastructure/wasmoon/wasmoonSandbox.test.ts(170,21): error TS2554: Expected 5 arguments, but got 4.
src/infrastructure/wasmoon/wasmoonSandbox.test.ts(175,21): error TS2554: Expected 5 arguments, but got 4.
src/infrastructure/wasmoon/wasmoonSandbox.ts(6,10): error TS2305: Module '"@duckengine/core-v2"' has no exported member 'BuiltInScripts'.
src/infrastructure/wasmoon/wasmoonSandbox.ts(69,15): error TS2367: This comparison appears to be unintentional because the types '"string" | "number" | "boolean" | "color" | "enum" | "vec2" | "vec3" | "entityRef" | "entityRefArray" | "scriptRef" | "componentRef" | "prefabRef"' and '"entityComponentRef"' have no overlap.
src/infrastructure/wasmoon/wasmoonSandbox.ts(69,53): error TS2367: This comparison appears to be unintentional because the types '"string" | "number" | "boolean" | "color" | "enum" | "vec2" | "vec3" | "entityRef" | "entityRefArray" | "scriptRef" | "componentRef" | "prefabRef"' and '"entityComponentRefArray"' have no overlap.
